<?xml version="1.0" encoding="UTF-8"?>
<!-- Generated by org.testng.reporters.JUnitReportReporter -->
<testsuite hostname="LAPTOP-7CG4M0HV" failures="0" tests="1" name="TestRunner" time="16.879" errors="0" timestamp="2021-10-21T04:25:07 BST" skipped="0">
  <testcase classname="TestRunner" name="scenario" time="16.879"/>
  <system-out/>
</testsuite> <!-- TestRunner -->
